2024-10-17 09:45:09.701732 INFO::Writing function arguments to log file
2024-10-17 09:45:09.702939 DEBUG::Function arguments
2024-10-17 09:45:09.704313 DEBUG::Output folder: ../results/maaslin2_B6_genus
2024-10-17 09:45:09.704892 DEBUG::Min Abundance: 0.000000
2024-10-17 09:45:09.706023 DEBUG::Min Prevalence: 0.000000
2024-10-17 09:45:09.706606 DEBUG::Normalization: NONE
2024-10-17 09:45:09.708079 DEBUG::Transform: NONE
2024-10-17 09:45:09.709186 DEBUG::Analysis method: LM
2024-10-17 09:45:09.711628 DEBUG::Max significance: 0.250000
2024-10-17 09:45:09.712218 DEBUG::Random effects: Cage
2024-10-17 09:45:09.714308 DEBUG::Fixed effects: Age
2024-10-17 09:45:09.715482 DEBUG::Correction method: BH
2024-10-17 09:45:09.717717 DEBUG::Standardize: TRUE
2024-10-17 09:45:09.71882 DEBUG::Cores: 4
2024-10-17 09:45:09.72063 INFO::Verifying options selected are valid
2024-10-17 09:45:09.721521 INFO::Determining format of input files
2024-10-17 09:45:09.723305 INFO::Input format is data samples as rows and metadata samples as rows
2024-10-17 09:45:09.724763 DEBUG::A total of 141 samples were found in both the data and metadata
2024-10-17 09:45:09.726737 DEBUG::Reordering data/metadata to use same sample ordering
2024-10-17 09:45:09.728464 INFO::Formula for random effects: expr ~ (1 | Cage)
2024-10-17 09:45:09.730365 INFO::Formula for fixed effects: expr ~  Age
2024-10-17 09:45:09.731694 INFO::Filter data based on min abundance and min prevalence
2024-10-17 09:45:09.733987 INFO::Total samples in data: 141
2024-10-17 09:45:09.735234 INFO::Min samples required with min abundance for a feature not to be filtered: 0.000000
2024-10-17 09:45:09.738759 INFO::Total filtered features: 0
2024-10-17 09:45:09.739638 INFO::Filtered feature names from abundance and prevalence filtering:
2024-10-17 09:45:09.744357 INFO::Total filtered features with variance filtering: 0
2024-10-17 09:45:09.745482 INFO::Filtered feature names from variance filtering:
2024-10-17 09:45:09.747852 INFO::Running selected normalization method: NONE
2024-10-17 09:45:09.749231 INFO::Applying z-score to standardize continuous metadata
2024-10-17 09:45:09.753246 INFO::Running selected transform method: NONE
2024-10-17 09:45:09.754074 INFO::Running selected analysis method: LM
2024-10-17 09:45:09.75549 INFO::Creating cluster of 4 R processes
2024-10-17 09:45:15.753402 INFO::Counting total values for each feature
2024-10-17 09:45:15.760173 INFO::Writing filtered data to file ../results/maaslin2_B6_genus/features/filtered_data.tsv
2024-10-17 09:45:15.782135 INFO::Writing filtered, normalized data to file ../results/maaslin2_B6_genus/features/filtered_data_norm.tsv
2024-10-17 09:45:15.804709 INFO::Writing filtered, normalized, transformed data to file ../results/maaslin2_B6_genus/features/filtered_data_norm_transformed.tsv
2024-10-17 09:45:15.823836 INFO::Writing residuals to file ../results/maaslin2_B6_genus/fits/residuals.rds
2024-10-17 09:45:15.833921 INFO::Writing fitted values to file ../results/maaslin2_B6_genus/fits/fitted.rds
2024-10-17 09:45:15.839122 INFO::Writing extracted random effects to file ../results/maaslin2_B6_genus/fits/ranef.rds
2024-10-17 09:45:15.84238 INFO::Writing all results to file (ordered by increasing q-values): ../results/maaslin2_B6_genus/all_results.tsv
2024-10-17 09:45:15.844979 INFO::Writing the significant results (those which are less than or equal to the threshold of 0.250000 ) to file (ordered by increasing q-values): ../results/maaslin2_B6_genus/significant_results.tsv
